<?xml version="1.0" encoding="UTF-8"?>
<!-- Generated by org.testng.reporters.JUnitXMLReporter -->
<testsuite ignored="0" hostname="LAP-51" failures="2" tests="2" name="Test" time="86.338" errors="0" timestamp="2024-02-27T23:21:19 IST">
  <testcase classname="org.tractorjunction.TC_001" name="LoginTest" time="55.005">
    <failure type="org.openqa.selenium.NoSuchElementException" message="An element could not be located on the page using the given search parameters.
For documentation on this error, please visit: https://www.selenium.dev/documentation/webdriver/troubleshooting/errors#no-such-element-exception
Build info: version: &amp;apos;4.18.1&amp;apos;, revision: &amp;apos;b1d3319b48&amp;apos;
System info: os.name: &amp;apos;Windows 11&amp;apos;, os.arch: &amp;apos;amd64&amp;apos;, os.version: &amp;apos;10.0&amp;apos;, java.version: &amp;apos;11.0.21&amp;apos;
Driver info: io.appium.java_client.android.AndroidDriver
Command: [d09e2db0-62f0-4ee2-9810-f4d29fcaaeaa, findElement {using=xpath, value=//android.widget.TextView[@text=&amp;quot;View All Latest ractors&amp;quot;]}]
Capabilities {appium:app: C:\Users\IT_Admin\eclipse-w..., appium:appPackage: com.tractorjunction, appium:automationName: UIAutomator2, appium:databaseEnabled: false, appium:desired: {app: C:\Users\IT_Admin\eclipse-w..., automationName: UIAutomator2, deviceName: RajkumarDevice, platformName: ANDROID}, appium:deviceApiLevel: 30, appium:deviceManufacturer: Google, appium:deviceModel: sdk_gphone_x86, appium:deviceName: emulator-5554, appium:deviceScreenDensity: 560, appium:deviceScreenSize: 1440x2880, appium:deviceUDID: emulator-5554, appium:javascriptEnabled: true, appium:locationContextEnabled: false, appium:networkConnectionEnabled: true, appium:pixelRatio: 3.5, appium:platformVersion: 11, appium:statBarHeight: 98, appium:takesScreenshot: true, appium:viewportRect: {height: 2782, left: 0, top: 98, width: 1440}, appium:warnings: {}, appium:webStorageEnabled: false, platformName: ANDROID}
Session ID: d09e2db0-62f0-4ee2-9810-f4d29fcaaeaa">
      <![CDATA[org.openqa.selenium.NoSuchElementException: An element could not be located on the page using the given search parameters.
For documentation on this error, please visit: https://www.selenium.dev/documentation/webdriver/troubleshooting/errors#no-such-element-exception
Build info: version: '4.18.1', revision: 'b1d3319b48'
System info: os.name: 'Windows 11', os.arch: 'amd64', os.version: '10.0', java.version: '11.0.21'
Driver info: io.appium.java_client.android.AndroidDriver
Command: [d09e2db0-62f0-4ee2-9810-f4d29fcaaeaa, findElement {using=xpath, value=//android.widget.TextView[@text="View All Latest ractors"]}]
Capabilities {appium:app: C:\Users\IT_Admin\eclipse-w..., appium:appPackage: com.tractorjunction, appium:automationName: UIAutomator2, appium:databaseEnabled: false, appium:desired: {app: C:\Users\IT_Admin\eclipse-w..., automationName: UIAutomator2, deviceName: RajkumarDevice, platformName: ANDROID}, appium:deviceApiLevel: 30, appium:deviceManufacturer: Google, appium:deviceModel: sdk_gphone_x86, appium:deviceName: emulator-5554, appium:deviceScreenDensity: 560, appium:deviceScreenSize: 1440x2880, appium:deviceUDID: emulator-5554, appium:javascriptEnabled: true, appium:locationContextEnabled: false, appium:networkConnectionEnabled: true, appium:pixelRatio: 3.5, appium:platformVersion: 11, appium:statBarHeight: 98, appium:takesScreenshot: true, appium:viewportRect: {height: 2782, left: 0, top: 98, width: 1440}, appium:warnings: {}, appium:webStorageEnabled: false, platformName: ANDROID}
Session ID: d09e2db0-62f0-4ee2-9810-f4d29fcaaeaa
at org.openqa.selenium.remote.ErrorCodec.decode(ErrorCodec.java:167)
at org.openqa.selenium.remote.codec.w3c.W3CHttpResponseCodec.decode(W3CHttpResponseCodec.java:138)
at org.openqa.selenium.remote.codec.w3c.W3CHttpResponseCodec.decode(W3CHttpResponseCodec.java:50)
at org.openqa.selenium.remote.HttpCommandExecutor.execute(HttpCommandExecutor.java:190)
at io.appium.java_client.remote.AppiumCommandExecutor.execute(AppiumCommandExecutor.java:238)
at org.openqa.selenium.remote.RemoteWebDriver.execute(RemoteWebDriver.java:519)
at org.openqa.selenium.remote.ElementLocation$ElementFinder$2.findElement(ElementLocation.java:165)
at org.openqa.selenium.remote.ElementLocation.findElement(ElementLocation.java:59)
at org.openqa.selenium.remote.RemoteWebDriver.findElement(RemoteWebDriver.java:356)
at org.openqa.selenium.remote.RemoteWebDriver.findElement(RemoteWebDriver.java:350)
at org.tractorjunction.TC_001.LoginTest(TC_001.java:37)
at java.base/java.util.ArrayList.forEach(ArrayList.java:1541)
... Removed 31 stack frames]]>
    </failure>
  </testcase> <!-- LoginTest -->
  <testcase classname="org.tractorjunction.TC_002" name="LoginTest" time="15.077">
    <failure type="org.openqa.selenium.NoSuchElementException" message="An element could not be located on the page using the given search parameters.
For documentation on this error, please visit: https://www.selenium.dev/documentation/webdriver/troubleshooting/errors#no-such-element-exception
Build info: version: &amp;apos;4.18.1&amp;apos;, revision: &amp;apos;b1d3319b48&amp;apos;
System info: os.name: &amp;apos;Windows 11&amp;apos;, os.arch: &amp;apos;amd64&amp;apos;, os.version: &amp;apos;10.0&amp;apos;, java.version: &amp;apos;11.0.21&amp;apos;
Driver info: io.appium.java_client.android.AndroidDriver
Command: [01048f5c-fb9a-4b90-bec0-cefa12943960, findElement {using=xpath, value=//android.widget.TextView[@text=&amp;quot;No Thanks&amp;quot;]}]
Capabilities {appium:app: C:\Users\IT_Admin\eclipse-w..., appium:appPackage: com.tractorjunction, appium:automationName: UIAutomator2, appium:databaseEnabled: false, appium:desired: {app: C:\Users\IT_Admin\eclipse-w..., automationName: UIAutomator2, deviceName: RajkumarDevice, platformName: ANDROID}, appium:deviceApiLevel: 30, appium:deviceManufacturer: Google, appium:deviceModel: sdk_gphone_x86, appium:deviceName: emulator-5554, appium:deviceScreenDensity: 560, appium:deviceScreenSize: 1440x2880, appium:deviceUDID: emulator-5554, appium:javascriptEnabled: true, appium:locationContextEnabled: false, appium:networkConnectionEnabled: true, appium:pixelRatio: 3.5, appium:platformVersion: 11, appium:statBarHeight: 98, appium:takesScreenshot: true, appium:viewportRect: {height: 2782, left: 0, top: 98, width: 1440}, appium:warnings: {}, appium:webStorageEnabled: false, platformName: ANDROID}
Session ID: 01048f5c-fb9a-4b90-bec0-cefa12943960">
      <![CDATA[org.openqa.selenium.NoSuchElementException: An element could not be located on the page using the given search parameters.
For documentation on this error, please visit: https://www.selenium.dev/documentation/webdriver/troubleshooting/errors#no-such-element-exception
Build info: version: '4.18.1', revision: 'b1d3319b48'
System info: os.name: 'Windows 11', os.arch: 'amd64', os.version: '10.0', java.version: '11.0.21'
Driver info: io.appium.java_client.android.AndroidDriver
Command: [01048f5c-fb9a-4b90-bec0-cefa12943960, findElement {using=xpath, value=//android.widget.TextView[@text="No Thanks"]}]
Capabilities {appium:app: C:\Users\IT_Admin\eclipse-w..., appium:appPackage: com.tractorjunction, appium:automationName: UIAutomator2, appium:databaseEnabled: false, appium:desired: {app: C:\Users\IT_Admin\eclipse-w..., automationName: UIAutomator2, deviceName: RajkumarDevice, platformName: ANDROID}, appium:deviceApiLevel: 30, appium:deviceManufacturer: Google, appium:deviceModel: sdk_gphone_x86, appium:deviceName: emulator-5554, appium:deviceScreenDensity: 560, appium:deviceScreenSize: 1440x2880, appium:deviceUDID: emulator-5554, appium:javascriptEnabled: true, appium:locationContextEnabled: false, appium:networkConnectionEnabled: true, appium:pixelRatio: 3.5, appium:platformVersion: 11, appium:statBarHeight: 98, appium:takesScreenshot: true, appium:viewportRect: {height: 2782, left: 0, top: 98, width: 1440}, appium:warnings: {}, appium:webStorageEnabled: false, platformName: ANDROID}
Session ID: 01048f5c-fb9a-4b90-bec0-cefa12943960
at org.openqa.selenium.remote.ErrorCodec.decode(ErrorCodec.java:167)
at org.openqa.selenium.remote.codec.w3c.W3CHttpResponseCodec.decode(W3CHttpResponseCodec.java:138)
at org.openqa.selenium.remote.codec.w3c.W3CHttpResponseCodec.decode(W3CHttpResponseCodec.java:50)
at org.openqa.selenium.remote.HttpCommandExecutor.execute(HttpCommandExecutor.java:190)
at io.appium.java_client.remote.AppiumCommandExecutor.execute(AppiumCommandExecutor.java:238)
at org.openqa.selenium.remote.RemoteWebDriver.execute(RemoteWebDriver.java:519)
at org.openqa.selenium.remote.ElementLocation$ElementFinder$2.findElement(ElementLocation.java:165)
at org.openqa.selenium.remote.ElementLocation.findElement(ElementLocation.java:59)
at org.openqa.selenium.remote.RemoteWebDriver.findElement(RemoteWebDriver.java:356)
at org.openqa.selenium.remote.RemoteWebDriver.findElement(RemoteWebDriver.java:350)
at org.tractorjunction.TC_002.LoginTest(TC_002.java:26)
at java.base/java.util.ArrayList.forEach(ArrayList.java:1541)
... Removed 31 stack frames]]>
    </failure>
  </testcase> <!-- LoginTest -->
</testsuite> <!-- Test -->
