<?xml version="1.0" encoding="UTF-8"?>
<testng-results ignored="0" total="3" passed="2" failed="1" skipped="0">
  <reporter-output>
  </reporter-output>
  <suite started-at="2024-03-10T13:19:54 IST" name="Suite" finished-at="2024-03-10T13:20:49 IST" duration-ms="54650">
    <groups>
    </groups>
    <test started-at="2024-03-10T13:19:54 IST" name="End to End Homepage" finished-at="2024-03-10T13:20:49 IST" duration-ms="54650">
      <class name="org.tractorjunction.Module_HP">
        <test-method is-config="true" signature="ConfigureAppium()[pri:0, instance:org.tractorjunction.Module_HP@22bac7bc]" started-at="2024-03-10T13:19:54 IST" name="ConfigureAppium" finished-at="2024-03-10T13:20:06 IST" duration-ms="11757" status="PASS">
          <reporter-output>
          </reporter-output>
        </test-method> <!-- ConfigureAppium -->
        <test-method is-config="true" signature="preSetup()[pri:0, instance:org.tractorjunction.Module_HP@22bac7bc]" started-at="2024-03-10T13:20:06 IST" name="preSetup" finished-at="2024-03-10T13:20:06 IST" duration-ms="131" status="PASS">
          <reporter-output>
          </reporter-output>
        </test-method> <!-- preSetup -->
        <test-method signature="TJA_TC_HP_BS_001()[pri:0, instance:org.tractorjunction.Module_HP@22bac7bc]" started-at="2024-03-10T13:20:06 IST" name="TJA_TC_HP_BS_001" finished-at="2024-03-10T13:20:25 IST" duration-ms="19263" status="PASS">
          <reporter-output>
          </reporter-output>
        </test-method> <!-- TJA_TC_HP_BS_001 -->
        <test-method is-config="true" signature="preSetup()[pri:0, instance:org.tractorjunction.Module_HP@22bac7bc]" started-at="2024-03-10T13:20:25 IST" name="preSetup" finished-at="2024-03-10T13:20:26 IST" duration-ms="101" status="PASS">
          <reporter-output>
          </reporter-output>
        </test-method> <!-- preSetup -->
        <test-method signature="TJA_TC_HP_BS_002()[pri:0, instance:org.tractorjunction.Module_HP@22bac7bc]" started-at="2024-03-10T13:20:26 IST" name="TJA_TC_HP_BS_002" finished-at="2024-03-10T13:20:34 IST" duration-ms="8328" status="PASS">
          <reporter-output>
          </reporter-output>
        </test-method> <!-- TJA_TC_HP_BS_002 -->
        <test-method is-config="true" signature="preSetup()[pri:0, instance:org.tractorjunction.Module_HP@22bac7bc]" started-at="2024-03-10T13:20:34 IST" name="preSetup" finished-at="2024-03-10T13:20:34 IST" duration-ms="143" status="PASS">
          <reporter-output>
          </reporter-output>
        </test-method> <!-- preSetup -->
        <test-method signature="TJA_TC_HP_BS_003()[pri:0, instance:org.tractorjunction.Module_HP@22bac7bc]" started-at="2024-03-10T13:20:34 IST" name="TJA_TC_HP_BS_003" finished-at="2024-03-10T13:20:48 IST" duration-ms="13917" status="FAIL">
          <exception class="org.openqa.selenium.NoSuchElementException">
            <message>
              <![CDATA[An element could not be located on the page using the given search parameters.
For documentation on this error, please visit: https://www.selenium.dev/documentation/webdriver/troubleshooting/errors#no-such-element-exception
Build info: version: '4.18.1', revision: 'b1d3319b48'
System info: os.name: 'Windows 11', os.arch: 'amd64', os.version: '10.0', java.version: '11.0.21'
Driver info: io.appium.java_client.android.AndroidDriver
Command: [82cb6d40-fe81-4488-8da4-b2e183fa30f6, findElement {value=//android.widget.TextView[@text="Latest"], using=xpath}]
Capabilities {appium:app: C:\Users\IT_Admin\eclipse-w..., appium:appPackage: com.tractorjunction, appium:automationName: UIAutomator2, appium:databaseEnabled: false, appium:desired: {app: C:\Users\IT_Admin\eclipse-w..., automationName: UIAutomator2, deviceName: RajkumarDevice, platformName: ANDROID}, appium:deviceApiLevel: 30, appium:deviceManufacturer: Google, appium:deviceModel: sdk_gphone_x86, appium:deviceName: emulator-5554, appium:deviceScreenDensity: 560, appium:deviceScreenSize: 1440x2880, appium:deviceUDID: emulator-5554, appium:javascriptEnabled: true, appium:locationContextEnabled: false, appium:networkConnectionEnabled: true, appium:pixelRatio: 3.5, appium:platformVersion: 11, appium:statBarHeight: 98, appium:takesScreenshot: true, appium:viewportRect: {height: 2782, left: 0, top: 98, width: 1440}, appium:warnings: {}, appium:webStorageEnabled: false, platformName: ANDROID}
Session ID: 82cb6d40-fe81-4488-8da4-b2e183fa30f6]]>
            </message>
            <full-stacktrace>
              <![CDATA[org.openqa.selenium.NoSuchElementException: An element could not be located on the page using the given search parameters.
For documentation on this error, please visit: https://www.selenium.dev/documentation/webdriver/troubleshooting/errors#no-such-element-exception
Build info: version: '4.18.1', revision: 'b1d3319b48'
System info: os.name: 'Windows 11', os.arch: 'amd64', os.version: '10.0', java.version: '11.0.21'
Driver info: io.appium.java_client.android.AndroidDriver
Command: [82cb6d40-fe81-4488-8da4-b2e183fa30f6, findElement {value=//android.widget.TextView[@text="Latest"], using=xpath}]
Capabilities {appium:app: C:\Users\IT_Admin\eclipse-w..., appium:appPackage: com.tractorjunction, appium:automationName: UIAutomator2, appium:databaseEnabled: false, appium:desired: {app: C:\Users\IT_Admin\eclipse-w..., automationName: UIAutomator2, deviceName: RajkumarDevice, platformName: ANDROID}, appium:deviceApiLevel: 30, appium:deviceManufacturer: Google, appium:deviceModel: sdk_gphone_x86, appium:deviceName: emulator-5554, appium:deviceScreenDensity: 560, appium:deviceScreenSize: 1440x2880, appium:deviceUDID: emulator-5554, appium:javascriptEnabled: true, appium:locationContextEnabled: false, appium:networkConnectionEnabled: true, appium:pixelRatio: 3.5, appium:platformVersion: 11, appium:statBarHeight: 98, appium:takesScreenshot: true, appium:viewportRect: {height: 2782, left: 0, top: 98, width: 1440}, appium:warnings: {}, appium:webStorageEnabled: false, platformName: ANDROID}
Session ID: 82cb6d40-fe81-4488-8da4-b2e183fa30f6
at java.base/jdk.internal.reflect.NativeConstructorAccessorImpl.newInstance0(Native Method)
at java.base/jdk.internal.reflect.NativeConstructorAccessorImpl.newInstance(NativeConstructorAccessorImpl.java:62)
at java.base/jdk.internal.reflect.DelegatingConstructorAccessorImpl.newInstance(DelegatingConstructorAccessorImpl.java:45)
at java.base/java.lang.reflect.Constructor.newInstance(Constructor.java:490)
at org.openqa.selenium.remote.ErrorCodec.decode(ErrorCodec.java:167)
at org.openqa.selenium.remote.codec.w3c.W3CHttpResponseCodec.decode(W3CHttpResponseCodec.java:138)
at org.openqa.selenium.remote.codec.w3c.W3CHttpResponseCodec.decode(W3CHttpResponseCodec.java:50)
at org.openqa.selenium.remote.HttpCommandExecutor.execute(HttpCommandExecutor.java:190)
at io.appium.java_client.remote.AppiumCommandExecutor.execute(AppiumCommandExecutor.java:237)
at org.openqa.selenium.remote.RemoteWebDriver.execute(RemoteWebDriver.java:519)
at org.openqa.selenium.remote.ElementLocation$ElementFinder$2.findElement(ElementLocation.java:165)
at org.openqa.selenium.remote.ElementLocation.findElement(ElementLocation.java:59)
at org.openqa.selenium.remote.RemoteWebDriver.findElement(RemoteWebDriver.java:356)
at org.openqa.selenium.remote.RemoteWebDriver.findElement(RemoteWebDriver.java:350)
at org.tractorjunction.Module_HP.TJA_TC_HP_BS_003(Module_HP.java:50)
at java.base/jdk.internal.reflect.NativeMethodAccessorImpl.invoke0(Native Method)
at java.base/jdk.internal.reflect.NativeMethodAccessorImpl.invoke(NativeMethodAccessorImpl.java:62)
at java.base/jdk.internal.reflect.DelegatingMethodAccessorImpl.invoke(DelegatingMethodAccessorImpl.java:43)
at java.base/java.lang.reflect.Method.invoke(Method.java:566)
at org.testng.internal.invokers.MethodInvocationHelper.invokeMethod(MethodInvocationHelper.java:139)
at org.testng.internal.invokers.TestInvoker.invokeMethod(TestInvoker.java:664)
at org.testng.internal.invokers.TestInvoker.invokeTestMethod(TestInvoker.java:228)
at org.testng.internal.invokers.MethodRunner.runInSequence(MethodRunner.java:63)
at org.testng.internal.invokers.TestInvoker$MethodInvocationAgent.invoke(TestInvoker.java:961)
at org.testng.internal.invokers.TestInvoker.invokeTestMethods(TestInvoker.java:201)
at org.testng.internal.invokers.TestMethodWorker.invokeTestMethods(TestMethodWorker.java:148)
at org.testng.internal.invokers.TestMethodWorker.run(TestMethodWorker.java:128)
at java.base/java.util.ArrayList.forEach(ArrayList.java:1541)
at org.testng.TestRunner.privateRun(TestRunner.java:819)
at org.testng.TestRunner.run(TestRunner.java:619)
at org.testng.SuiteRunner.runTest(SuiteRunner.java:443)
at org.testng.SuiteRunner.runSequentially(SuiteRunner.java:437)
at org.testng.SuiteRunner.privateRun(SuiteRunner.java:397)
at org.testng.SuiteRunner.run(SuiteRunner.java:336)
at org.testng.SuiteRunnerWorker.runSuite(SuiteRunnerWorker.java:52)
at org.testng.SuiteRunnerWorker.run(SuiteRunnerWorker.java:95)
at org.testng.TestNG.runSuitesSequentially(TestNG.java:1301)
at org.testng.TestNG.runSuitesLocally(TestNG.java:1228)
at org.testng.TestNG.runSuites(TestNG.java:1134)
at org.testng.TestNG.run(TestNG.java:1101)
at org.testng.remote.AbstractRemoteTestNG.run(AbstractRemoteTestNG.java:115)
at org.testng.remote.RemoteTestNG.initAndRun(RemoteTestNG.java:251)
at org.testng.remote.RemoteTestNG.main(RemoteTestNG.java:77)
]]>
            </full-stacktrace>
          </exception> <!-- org.openqa.selenium.NoSuchElementException -->
          <reporter-output>
          </reporter-output>
        </test-method> <!-- TJA_TC_HP_BS_003 -->
        <test-method is-config="true" signature="tearDown()[pri:0, instance:org.tractorjunction.Module_HP@22bac7bc]" started-at="2024-03-10T13:20:49 IST" name="tearDown" finished-at="2024-03-10T13:20:49 IST" duration-ms="267" status="PASS">
          <reporter-output>
          </reporter-output>
        </test-method> <!-- tearDown -->
      </class> <!-- org.tractorjunction.Module_HP -->
    </test> <!-- End to End Homepage -->
  </suite> <!-- Suite -->
</testng-results>
